==6604== Memcheck, a memory error detector
==6604== Copyright (C) 2002-2017, and GNU GPL'd, by Julian Seward et al.
==6604== Using Valgrind-3.15.0 and LibVEX; rerun with -h for copyright info
==6604== Command: ./a.out
==6604== Parent PID: 6547
==6604== 
==6605== 
==6605== HEAP SUMMARY:
==6605==     in use at exit: 0 bytes in 0 blocks
==6605==   total heap usage: 3 allocs, 3 frees, 2,168 bytes allocated
==6605== 
==6605== All heap blocks were freed -- no leaks are possible
==6605== 
==6605== For lists of detected and suppressed errors, rerun with: -s
==6605== ERROR SUMMARY: 0 errors from 0 contexts (suppressed: 0 from 0)
==6604== 
==6604== HEAP SUMMARY:
==6604==     in use at exit: 0 bytes in 0 blocks
==6604==   total heap usage: 6 allocs, 6 frees, 2,528 bytes allocated
==6604== 
==6604== All heap blocks were freed -- no leaks are possible
==6604== 
==6604== For lists of detected and suppressed errors, rerun with: -s
==6604== ERROR SUMMARY: 0 errors from 0 contexts (suppressed: 0 from 0)
